ARM GAS  /tmp/cccHIfbX.s 			page 1


   1              		.cpu cortex-m4
   2              		.arch armv7e-m
   3              		.fpu fpv4-sp-d16
   4              		.eabi_attribute 27, 1
   5              		.eabi_attribute 28, 1
   6              		.eabi_attribute 20, 1
   7              		.eabi_attribute 21, 1
   8              		.eabi_attribute 23, 3
   9              		.eabi_attribute 24, 1
  10              		.eabi_attribute 25, 1
  11              		.eabi_attribute 26, 1
  12              		.eabi_attribute 30, 1
  13              		.eabi_attribute 34, 1
  14              		.eabi_attribute 18, 4
  15              		.file	"freertos.c"
  16              		.text
  17              	.Ltext0:
  18              		.cfi_sections	.debug_frame
  19              		.file 1 "Core/Src/freertos.c"
  20              		.section	.rodata.publisherandsubscriber.str1.4,"aMS",%progbits,1
  21              		.align	2
  22              	.LC0:
  23 0000 4572726F 		.ascii	"Error on default allocators (line %d)\012\000"
  23      72206F6E 
  23      20646566 
  23      61756C74 
  23      20616C6C 
  24 0027 00       		.align	2
  25              	.LC1:
  26 0028 00       		.ascii	"\000"
  27 0029 000000   		.align	2
  28              	.LC2:
  29 002c 63756265 		.ascii	"cubemx_node\000"
  29      6D785F6E 
  29      6F646500 
  30              		.align	2
  31              	.LC3:
  32 0038 63756265 		.ascii	"cubemx_publisher\000"
  32      6D785F70 
  32      75626C69 
  32      73686572 
  32      00
  33 0049 000000   		.align	2
  34              	.LC4:
  35 004c 63756265 		.ascii	"cubemx_subcriber\000"
  35      6D785F73 
  35      75626372 
  35      69626572 
  35      00
  36 005d 000000   		.align	2
  37              	.LC5:
  38 0060 4572726F 		.ascii	"Error publishing (line %d)\012\000"
  38      72207075 
  38      626C6973 
  38      68696E67 
  38      20286C69 
  39              		.align	2
ARM GAS  /tmp/cccHIfbX.s 			page 2


  40              	.LC6:
  41 007c 4572726F 		.ascii	"Error subscriving (line %d)\012\000"
  41      72207375 
  41      62736372 
  41      6976696E 
  41      6720286C 
  42              		.section	.text.publisherandsubscriber,"ax",%progbits
  43              		.align	1
  44              		.global	publisherandsubscriber
  45              		.syntax unified
  46              		.thumb
  47              		.thumb_func
  49              	publisherandsubscriber:
  50              	.LVL0:
  51              	.LFB144:
   1:Core/Src/freertos.c **** /* USER CODE BEGIN Header */
   2:Core/Src/freertos.c **** /**
   3:Core/Src/freertos.c ****   ******************************************************************************
   4:Core/Src/freertos.c ****   * File Name          : freertos.c
   5:Core/Src/freertos.c ****   * Description        : Code for freertos applications
   6:Core/Src/freertos.c ****   ******************************************************************************
   7:Core/Src/freertos.c ****   * @attention
   8:Core/Src/freertos.c ****   *
   9:Core/Src/freertos.c ****   * Copyright (c) 2024 STMicroelectronics.
  10:Core/Src/freertos.c ****   * All rights reserved.
  11:Core/Src/freertos.c ****   *
  12:Core/Src/freertos.c ****   * This software is licensed under terms that can be found in the LICENSE file
  13:Core/Src/freertos.c ****   * in the root directory of this software component.
  14:Core/Src/freertos.c ****   * If no LICENSE file comes with this software, it is provided AS-IS.
  15:Core/Src/freertos.c ****   *
  16:Core/Src/freertos.c ****   ******************************************************************************
  17:Core/Src/freertos.c ****   */
  18:Core/Src/freertos.c **** /* USER CODE END Header */
  19:Core/Src/freertos.c **** 
  20:Core/Src/freertos.c **** /* Includes ------------------------------------------------------------------*/
  21:Core/Src/freertos.c **** #include "FreeRTOS.h"
  22:Core/Src/freertos.c **** #include "task.h"
  23:Core/Src/freertos.c **** #include "main.h"
  24:Core/Src/freertos.c **** #include "cmsis_os.h"
  25:Core/Src/freertos.c **** 
  26:Core/Src/freertos.c **** /* Private includes ----------------------------------------------------------*/
  27:Core/Src/freertos.c **** /* USER CODE BEGIN Includes */
  28:Core/Src/freertos.c **** #include <stdbool.h>
  29:Core/Src/freertos.c **** #include <rcl/rcl.h>
  30:Core/Src/freertos.c **** #include <rcl/error_handling.h>
  31:Core/Src/freertos.c **** #include <rclc/rclc.h>
  32:Core/Src/freertos.c **** #include <rclc/executor.h>
  33:Core/Src/freertos.c **** #include <uxr/client/transport.h>
  34:Core/Src/freertos.c **** #include <rmw_microxrcedds_c/config.h>
  35:Core/Src/freertos.c **** #include <rmw_microros/rmw_microros.h>
  36:Core/Src/freertos.c **** 
  37:Core/Src/freertos.c **** #include <std_msgs/msg/int32.h>
  38:Core/Src/freertos.c **** #include "usart.h"
  39:Core/Src/freertos.c **** /* USER CODE END Includes */
  40:Core/Src/freertos.c **** 
  41:Core/Src/freertos.c **** /* Private typedef -----------------------------------------------------------*/
  42:Core/Src/freertos.c **** /* USER CODE BEGIN PTD */
ARM GAS  /tmp/cccHIfbX.s 			page 3


  43:Core/Src/freertos.c **** 
  44:Core/Src/freertos.c **** /* USER CODE END PTD */
  45:Core/Src/freertos.c **** 
  46:Core/Src/freertos.c **** /* Private define ------------------------------------------------------------*/
  47:Core/Src/freertos.c **** /* USER CODE BEGIN PD */
  48:Core/Src/freertos.c **** 
  49:Core/Src/freertos.c **** /* USER CODE END PD */
  50:Core/Src/freertos.c **** 
  51:Core/Src/freertos.c **** /* Private macro -------------------------------------------------------------*/
  52:Core/Src/freertos.c **** /* USER CODE BEGIN PM */
  53:Core/Src/freertos.c **** 
  54:Core/Src/freertos.c **** /* USER CODE END PM */
  55:Core/Src/freertos.c **** 
  56:Core/Src/freertos.c **** /* Private variables ---------------------------------------------------------*/
  57:Core/Src/freertos.c **** /* USER CODE BEGIN Variables */
  58:Core/Src/freertos.c **** 
  59:Core/Src/freertos.c **** /* USER CODE END Variables */
  60:Core/Src/freertos.c **** /* Definitions for defaultTask */
  61:Core/Src/freertos.c **** osThreadId_t DefaultPublisherandSubscriber;
  62:Core/Src/freertos.c **** const osThreadAttr_t publisherandsubscriber_attributes = {
  63:Core/Src/freertos.c ****   .name = "publisherandsubscriber",
  64:Core/Src/freertos.c ****   .stack_size = 3000 * 4,
  65:Core/Src/freertos.c ****   .priority = (osPriority_t) osPriorityNormal,
  66:Core/Src/freertos.c **** };
  67:Core/Src/freertos.c **** 
  68:Core/Src/freertos.c **** 
  69:Core/Src/freertos.c **** /* Private function prototypes -----------------------------------------------*/
  70:Core/Src/freertos.c **** /* USER CODE BEGIN FunctionPrototypes */
  71:Core/Src/freertos.c **** bool cubemx_transport_open(struct uxrCustomTransport * transport);
  72:Core/Src/freertos.c **** bool cubemx_transport_close(struct uxrCustomTransport * transport);
  73:Core/Src/freertos.c **** size_t cubemx_transport_write(struct uxrCustomTransport* transport, const uint8_t * buf, size_t len
  74:Core/Src/freertos.c **** size_t cubemx_transport_read(struct uxrCustomTransport* transport, uint8_t* buf, size_t len, int ti
  75:Core/Src/freertos.c **** 
  76:Core/Src/freertos.c **** void * microros_allocate(size_t size, void * state);
  77:Core/Src/freertos.c **** void microros_deallocate(void * pointer, void * state);
  78:Core/Src/freertos.c **** void * microros_reallocate(void * pointer, size_t size, void * state);
  79:Core/Src/freertos.c **** void * microros_zero_allocate(size_t number_of_elements, size_t size_of_element, void * state);
  80:Core/Src/freertos.c **** 
  81:Core/Src/freertos.c **** #ifdef __GNUC__
  82:Core/Src/freertos.c **** #define PUTCHAR_PROTOTYPE int __io_putchar(int ch)
  83:Core/Src/freertos.c **** #else
  84:Core/Src/freertos.c **** #define PUTCHAR_PROTOTYPE int fputc(int ch, FILE *f)
  85:Core/Src/freertos.c **** #endif
  86:Core/Src/freertos.c **** 
  87:Core/Src/freertos.c **** PUTCHAR_PROTOTYPE
  88:Core/Src/freertos.c **** {
  89:Core/Src/freertos.c ****   HAL_UART_Transmit(&huart3, (uint8_t *)&ch, 1, HAL_MAX_DELAY);
  90:Core/Src/freertos.c ****   return ch;
  91:Core/Src/freertos.c **** }
  92:Core/Src/freertos.c **** 
  93:Core/Src/freertos.c **** /* USER CODE END FunctionPrototypes */
  94:Core/Src/freertos.c **** 
  95:Core/Src/freertos.c **** void publisherandsubscriber(void *argument);
  96:Core/Src/freertos.c **** 
  97:Core/Src/freertos.c **** void MX_FREERTOS_Init(void); /* (MISRA C 2004 rule 8.1) */
  98:Core/Src/freertos.c **** 
  99:Core/Src/freertos.c **** /**
ARM GAS  /tmp/cccHIfbX.s 			page 4


 100:Core/Src/freertos.c ****   * @brief  FreeRTOS initialization
 101:Core/Src/freertos.c ****   * @param  None
 102:Core/Src/freertos.c ****   * @retval None
 103:Core/Src/freertos.c ****   */
 104:Core/Src/freertos.c **** void MX_FREERTOS_Init(void) {
 105:Core/Src/freertos.c ****   /* USER CODE BEGIN Init */
 106:Core/Src/freertos.c **** 
 107:Core/Src/freertos.c ****   /* USER CODE END Init */
 108:Core/Src/freertos.c **** 
 109:Core/Src/freertos.c ****   /* USER CODE BEGIN RTOS_MUTEX */
 110:Core/Src/freertos.c ****   /* add mutexes, ... */
 111:Core/Src/freertos.c ****   /* USER CODE END RTOS_MUTEX */
 112:Core/Src/freertos.c **** 
 113:Core/Src/freertos.c ****   /* USER CODE BEGIN RTOS_SEMAPHORES */
 114:Core/Src/freertos.c ****   /* add semaphores, ... */
 115:Core/Src/freertos.c ****   /* USER CODE END RTOS_SEMAPHORES */
 116:Core/Src/freertos.c **** 
 117:Core/Src/freertos.c ****   /* USER CODE BEGIN RTOS_TIMERS */
 118:Core/Src/freertos.c ****   /* start timers, add new ones, ... */
 119:Core/Src/freertos.c ****   /* USER CODE END RTOS_TIMERS */
 120:Core/Src/freertos.c **** 
 121:Core/Src/freertos.c ****   /* USER CODE BEGIN RTOS_QUEUES */
 122:Core/Src/freertos.c ****   /* add queues, ... */
 123:Core/Src/freertos.c ****   /* USER CODE END RTOS_QUEUES */
 124:Core/Src/freertos.c **** 
 125:Core/Src/freertos.c ****   /* Create the thread(s) */
 126:Core/Src/freertos.c ****   /* creation of defaultTask */
 127:Core/Src/freertos.c **** 	DefaultPublisherandSubscriber = osThreadNew(publisherandsubscriber, NULL, &publisherandsubscriber_
 128:Core/Src/freertos.c **** 
 129:Core/Src/freertos.c ****   /* USER CODE BEGIN RTOS_THREADS */
 130:Core/Src/freertos.c ****   /* add threads, ... */
 131:Core/Src/freertos.c ****   /* USER CODE END RTOS_THREADS */
 132:Core/Src/freertos.c **** 
 133:Core/Src/freertos.c ****   /* USER CODE BEGIN RTOS_EVENTS */
 134:Core/Src/freertos.c ****   /* add events, ... */
 135:Core/Src/freertos.c ****   /* USER CODE END RTOS_EVENTS */
 136:Core/Src/freertos.c **** 
 137:Core/Src/freertos.c **** }
 138:Core/Src/freertos.c **** 
 139:Core/Src/freertos.c **** /* USER CODE BEGIN Header_publisher */
 140:Core/Src/freertos.c **** /**
 141:Core/Src/freertos.c ****   * @brief  Function implementing the defaultTask thread.
 142:Core/Src/freertos.c ****   * @param  argument: Not used
 143:Core/Src/freertos.c ****   * @retval None
 144:Core/Src/freertos.c ****   */
 145:Core/Src/freertos.c **** /* USER CODE END Header_StartDefaultTask */
 146:Core/Src/freertos.c **** void publisherandsubscriber(void *argument)
 147:Core/Src/freertos.c **** {
  52              		.loc 1 147 1 view -0
  53              		.cfi_startproc
  54              		@ args = 0, pretend = 0, frame = 208
  55              		@ frame_needed = 0, uses_anonymous_args = 0
  56              		.loc 1 147 1 is_stmt 0 view .LVU1
  57 0000 30B5     		push	{r4, r5, lr}
  58              	.LCFI0:
  59              		.cfi_def_cfa_offset 12
  60              		.cfi_offset 4, -12
ARM GAS  /tmp/cccHIfbX.s 			page 5


  61              		.cfi_offset 5, -8
  62              		.cfi_offset 14, -4
  63 0002 B7B0     		sub	sp, sp, #220
  64              	.LCFI1:
  65              		.cfi_def_cfa_offset 232
 148:Core/Src/freertos.c ****   /* USER CODE BEGIN StartDefaultTask */
 149:Core/Src/freertos.c ****   /* USER CODE BEGIN 5 */
 150:Core/Src/freertos.c **** 
 151:Core/Src/freertos.c ****   // micro-ROS configuration
 152:Core/Src/freertos.c **** 
 153:Core/Src/freertos.c **** 	rmw_uros_set_custom_transport(
  66              		.loc 1 153 2 is_stmt 1 view .LVU2
  67 0004 374B     		ldr	r3, .L8
  68 0006 0193     		str	r3, [sp, #4]
  69 0008 374B     		ldr	r3, .L8+4
  70 000a 0093     		str	r3, [sp]
  71 000c 374B     		ldr	r3, .L8+8
  72 000e 384A     		ldr	r2, .L8+12
  73 0010 3849     		ldr	r1, .L8+16
  74 0012 0120     		movs	r0, #1
  75              	.LVL1:
  76              		.loc 1 153 2 is_stmt 0 view .LVU3
  77 0014 FFF7FEFF 		bl	rmw_uros_set_custom_transport
  78              	.LVL2:
 154:Core/Src/freertos.c **** 		true,
 155:Core/Src/freertos.c **** 		(void *) &huart3,         //change in you want a different type of comunication for ros2-agent
 156:Core/Src/freertos.c **** 		cubemx_transport_open,
 157:Core/Src/freertos.c **** 		cubemx_transport_close,
 158:Core/Src/freertos.c **** 		cubemx_transport_write,
 159:Core/Src/freertos.c **** 		cubemx_transport_read);
 160:Core/Src/freertos.c **** 
 161:Core/Src/freertos.c **** 	rcl_allocator_t freeRTOS_allocator = rcutils_get_zero_initialized_allocator();
  79              		.loc 1 161 2 is_stmt 1 view .LVU4
  80              		.loc 1 161 39 is_stmt 0 view .LVU5
  81 0018 31A8     		add	r0, sp, #196
  82 001a FFF7FEFF 		bl	rcutils_get_zero_initialized_allocator
  83              	.LVL3:
 162:Core/Src/freertos.c **** 	freeRTOS_allocator.allocate = microros_allocate;
  84              		.loc 1 162 2 is_stmt 1 view .LVU6
  85              		.loc 1 162 30 is_stmt 0 view .LVU7
  86 001e 364B     		ldr	r3, .L8+20
  87 0020 3193     		str	r3, [sp, #196]
 163:Core/Src/freertos.c **** 	freeRTOS_allocator.deallocate = microros_deallocate;
  88              		.loc 1 163 2 is_stmt 1 view .LVU8
  89              		.loc 1 163 32 is_stmt 0 view .LVU9
  90 0022 364B     		ldr	r3, .L8+24
  91 0024 3293     		str	r3, [sp, #200]
 164:Core/Src/freertos.c **** 	freeRTOS_allocator.reallocate = microros_reallocate;
  92              		.loc 1 164 2 is_stmt 1 view .LVU10
  93              		.loc 1 164 32 is_stmt 0 view .LVU11
  94 0026 364B     		ldr	r3, .L8+28
  95 0028 3393     		str	r3, [sp, #204]
 165:Core/Src/freertos.c **** 	freeRTOS_allocator.zero_allocate =  microros_zero_allocate;
  96              		.loc 1 165 2 is_stmt 1 view .LVU12
  97              		.loc 1 165 35 is_stmt 0 view .LVU13
  98 002a 364B     		ldr	r3, .L8+32
  99 002c 3493     		str	r3, [sp, #208]
ARM GAS  /tmp/cccHIfbX.s 			page 6


 166:Core/Src/freertos.c **** 
 167:Core/Src/freertos.c **** 	if (!rcutils_set_default_allocator(&freeRTOS_allocator))
 100              		.loc 1 167 2 is_stmt 1 view .LVU14
 101              		.loc 1 167 7 is_stmt 0 view .LVU15
 102 002e 31A8     		add	r0, sp, #196
 103 0030 FFF7FEFF 		bl	rcutils_set_default_allocator
 104              	.LVL4:
 105              		.loc 1 167 5 view .LVU16
 106 0034 0028     		cmp	r0, #0
 107 0036 35D0     		beq	.L7
 108              	.L2:
 168:Core/Src/freertos.c **** 	{
 169:Core/Src/freertos.c **** 	  printf("Error on default allocators (line %d)\n", __LINE__);
 170:Core/Src/freertos.c **** 	}
 171:Core/Src/freertos.c **** 
 172:Core/Src/freertos.c **** 	// micro-ROS app
 173:Core/Src/freertos.c **** 
 174:Core/Src/freertos.c **** 	rcl_subscription_t subscriber;
 109              		.loc 1 174 2 is_stmt 1 view .LVU17
 175:Core/Src/freertos.c **** 	rcl_publisher_t publisher;
 110              		.loc 1 175 2 view .LVU18
 176:Core/Src/freertos.c **** 	std_msgs__msg__Int32 msg;
 111              		.loc 1 176 2 view .LVU19
 177:Core/Src/freertos.c **** 	rclc_support_t support;
 112              		.loc 1 177 2 view .LVU20
 178:Core/Src/freertos.c **** 	rcl_allocator_t allocator;
 113              		.loc 1 178 2 view .LVU21
 179:Core/Src/freertos.c **** 	rcl_node_t node1;
 114              		.loc 1 179 2 view .LVU22
 180:Core/Src/freertos.c **** 	rcl_node_t node2;
 115              		.loc 1 180 2 view .LVU23
 181:Core/Src/freertos.c **** 
 182:Core/Src/freertos.c **** 	rmw_message_info_t messageInfo;
 116              		.loc 1 182 2 view .LVU24
 183:Core/Src/freertos.c **** 
 184:Core/Src/freertos.c **** 	allocator = rcl_get_default_allocator();
 117              		.loc 1 184 2 view .LVU25
 118              		.loc 1 184 14 is_stmt 0 view .LVU26
 119 0038 02A8     		add	r0, sp, #8
 120 003a FFF7FEFF 		bl	rcutils_get_default_allocator
 121              	.LVL5:
 122 003e 0DF1700E 		add	lr, sp, #112
 123 0042 0DF1080C 		add	ip, sp, #8
 124 0046 BCE80F00 		ldmia	ip!, {r0, r1, r2, r3}
 125 004a AEE80F00 		stmia	lr!, {r0, r1, r2, r3}
 126 004e DCF80030 		ldr	r3, [ip]
 127 0052 CEF80030 		str	r3, [lr]
 185:Core/Src/freertos.c **** 
 186:Core/Src/freertos.c **** 	//create init_options
 187:Core/Src/freertos.c **** 	rclc_support_init(&support, 0, NULL, &allocator);
 128              		.loc 1 187 2 is_stmt 1 view .LVU27
 129 0056 1CAB     		add	r3, sp, #112
 130 0058 0022     		movs	r2, #0
 131 005a 1146     		mov	r1, r2
 132 005c 21A8     		add	r0, sp, #132
 133 005e FFF7FEFF 		bl	rclc_support_init
 134              	.LVL6:
ARM GAS  /tmp/cccHIfbX.s 			page 7


 188:Core/Src/freertos.c **** 
 189:Core/Src/freertos.c **** 	// create node
 190:Core/Src/freertos.c **** 	rclc_node_init_default(&node1, "cubemx_node", "", &support);
 135              		.loc 1 190 2 view .LVU28
 136 0062 294D     		ldr	r5, .L8+36
 137 0064 294C     		ldr	r4, .L8+40
 138 0066 21AB     		add	r3, sp, #132
 139 0068 2A46     		mov	r2, r5
 140 006a 2146     		mov	r1, r4
 141 006c 1AA8     		add	r0, sp, #104
 142 006e FFF7FEFF 		bl	rclc_node_init_default
 143              	.LVL7:
 191:Core/Src/freertos.c **** 	rclc_node_init_default(&node2, "cubemx_node", "", &support);
 144              		.loc 1 191 2 view .LVU29
 145 0072 21AB     		add	r3, sp, #132
 146 0074 2A46     		mov	r2, r5
 147 0076 2146     		mov	r1, r4
 148 0078 18A8     		add	r0, sp, #96
 149 007a FFF7FEFF 		bl	rclc_node_init_default
 150              	.LVL8:
 192:Core/Src/freertos.c **** 
 193:Core/Src/freertos.c **** 	// create publisher
 194:Core/Src/freertos.c **** 	rclc_publisher_init_default(
 151              		.loc 1 194 2 view .LVU30
 152 007e FFF7FEFF 		bl	rosidl_typesupport_c__get_message_type_support_handle__std_msgs__msg__Int32
 153              	.LVL9:
 154 0082 0246     		mov	r2, r0
 155 0084 224B     		ldr	r3, .L8+44
 156 0086 1AA9     		add	r1, sp, #104
 157 0088 2FA8     		add	r0, sp, #188
 158 008a FFF7FEFF 		bl	rclc_publisher_init_default
 159              	.LVL10:
 195:Core/Src/freertos.c **** 	  &publisher,
 196:Core/Src/freertos.c **** 	  &node1,
 197:Core/Src/freertos.c **** 	  ROSIDL_GET_MSG_TYPE_SUPPORT(std_msgs, msg, Int32),
 198:Core/Src/freertos.c **** 	  "cubemx_publisher");
 199:Core/Src/freertos.c **** 
 200:Core/Src/freertos.c **** 	rclc_subscription_init_default(
 160              		.loc 1 200 2 view .LVU31
 161 008e FFF7FEFF 		bl	rosidl_typesupport_c__get_message_type_support_handle__std_msgs__msg__Int32
 162              	.LVL11:
 163 0092 0246     		mov	r2, r0
 164 0094 1F4B     		ldr	r3, .L8+48
 165 0096 18A9     		add	r1, sp, #96
 166 0098 30A8     		add	r0, sp, #192
 167 009a FFF7FEFF 		bl	rclc_subscription_init_default
 168              	.LVL12:
 201:Core/Src/freertos.c **** 	  &subscriber,
 202:Core/Src/freertos.c **** 	  &node2,
 203:Core/Src/freertos.c **** 	  ROSIDL_GET_MSG_TYPE_SUPPORT(std_msgs, msg, Int32),
 204:Core/Src/freertos.c **** 	  "cubemx_subcriber");
 205:Core/Src/freertos.c **** 
 206:Core/Src/freertos.c **** 	//rclc_subscriber_init_default
 207:Core/Src/freertos.c **** 	msg.data = 0;
 169              		.loc 1 207 2 view .LVU32
 170              		.loc 1 207 11 is_stmt 0 view .LVU33
 171 009e 0023     		movs	r3, #0
ARM GAS  /tmp/cccHIfbX.s 			page 8


 172 00a0 2E93     		str	r3, [sp, #184]
 173 00a2 0BE0     		b	.L5
 174              	.L7:
 169:Core/Src/freertos.c **** 	}
 175              		.loc 1 169 4 is_stmt 1 view .LVU34
 176 00a4 A921     		movs	r1, #169
 177 00a6 1C48     		ldr	r0, .L8+52
 178 00a8 FFF7FEFF 		bl	printf
 179              	.LVL13:
 180 00ac C4E7     		b	.L2
 181              	.LVL14:
 182              	.L3:
 208:Core/Src/freertos.c **** 	rcl_ret_t ret;
 209:Core/Src/freertos.c **** 
 210:Core/Src/freertos.c **** 	for(;;)
 211:Core/Src/freertos.c **** 	{
 212:Core/Src/freertos.c **** 		ret = rcl_take(&subscriber, &msg, &messageInfo, NULL);
 213:Core/Src/freertos.c **** 		if (ret == RCL_RET_OK)
 214:Core/Src/freertos.c **** 		{
 215:Core/Src/freertos.c **** 			ret = rcl_publish(&publisher, &msg, NULL);
 216:Core/Src/freertos.c **** 			if (ret != RCL_RET_OK)
 217:Core/Src/freertos.c **** 			{
 218:Core/Src/freertos.c **** 				printf("Error publishing (line %d)\n", __LINE__);
 219:Core/Src/freertos.c **** 			}
 220:Core/Src/freertos.c **** 		}
 221:Core/Src/freertos.c **** 		else
 222:Core/Src/freertos.c **** 		{
 223:Core/Src/freertos.c **** 			printf("Error subscriving (line %d)\n", __LINE__);
 183              		.loc 1 223 4 view .LVU35
 184 00ae DF21     		movs	r1, #223
 185 00b0 1A48     		ldr	r0, .L8+56
 186              	.LVL15:
 187              		.loc 1 223 4 is_stmt 0 view .LVU36
 188 00b2 FFF7FEFF 		bl	printf
 189              	.LVL16:
 190              	.L4:
 224:Core/Src/freertos.c **** 		}
 225:Core/Src/freertos.c **** 
 226:Core/Src/freertos.c **** 
 227:Core/Src/freertos.c **** 		osDelay(10);
 191              		.loc 1 227 3 is_stmt 1 view .LVU37
 192 00b6 0A20     		movs	r0, #10
 193 00b8 FFF7FEFF 		bl	osDelay
 194              	.LVL17:
 210:Core/Src/freertos.c **** 	{
 195              		.loc 1 210 2 view .LVU38
 196              	.L5:
 208:Core/Src/freertos.c **** 	rcl_ret_t ret;
 197              		.loc 1 208 2 view .LVU39
 210:Core/Src/freertos.c **** 	{
 198              		.loc 1 210 2 view .LVU40
 212:Core/Src/freertos.c **** 		if (ret == RCL_RET_OK)
 199              		.loc 1 212 3 view .LVU41
 212:Core/Src/freertos.c **** 		if (ret == RCL_RET_OK)
 200              		.loc 1 212 9 is_stmt 0 view .LVU42
 201 00bc 0023     		movs	r3, #0
 202 00be 08AA     		add	r2, sp, #32
ARM GAS  /tmp/cccHIfbX.s 			page 9


 203 00c0 2EA9     		add	r1, sp, #184
 204 00c2 30A8     		add	r0, sp, #192
 205 00c4 FFF7FEFF 		bl	rcl_take
 206              	.LVL18:
 213:Core/Src/freertos.c **** 		{
 207              		.loc 1 213 3 is_stmt 1 view .LVU43
 213:Core/Src/freertos.c **** 		{
 208              		.loc 1 213 6 is_stmt 0 view .LVU44
 209 00c8 0028     		cmp	r0, #0
 210 00ca F0D1     		bne	.L3
 215:Core/Src/freertos.c **** 			if (ret != RCL_RET_OK)
 211              		.loc 1 215 4 is_stmt 1 view .LVU45
 215:Core/Src/freertos.c **** 			if (ret != RCL_RET_OK)
 212              		.loc 1 215 10 is_stmt 0 view .LVU46
 213 00cc 0022     		movs	r2, #0
 214 00ce 2EA9     		add	r1, sp, #184
 215 00d0 2FA8     		add	r0, sp, #188
 216              	.LVL19:
 215:Core/Src/freertos.c **** 			if (ret != RCL_RET_OK)
 217              		.loc 1 215 10 view .LVU47
 218 00d2 FFF7FEFF 		bl	rcl_publish
 219              	.LVL20:
 216:Core/Src/freertos.c **** 			{
 220              		.loc 1 216 4 is_stmt 1 view .LVU48
 216:Core/Src/freertos.c **** 			{
 221              		.loc 1 216 7 is_stmt 0 view .LVU49
 222 00d6 0028     		cmp	r0, #0
 223 00d8 EDD0     		beq	.L4
 218:Core/Src/freertos.c **** 			}
 224              		.loc 1 218 5 is_stmt 1 view .LVU50
 225 00da DA21     		movs	r1, #218
 226 00dc 1048     		ldr	r0, .L8+60
 227              	.LVL21:
 218:Core/Src/freertos.c **** 			}
 228              		.loc 1 218 5 is_stmt 0 view .LVU51
 229 00de FFF7FEFF 		bl	printf
 230              	.LVL22:
 231 00e2 E8E7     		b	.L4
 232              	.L9:
 233              		.align	2
 234              	.L8:
 235 00e4 00000000 		.word	cubemx_transport_read
 236 00e8 00000000 		.word	cubemx_transport_write
 237 00ec 00000000 		.word	cubemx_transport_close
 238 00f0 00000000 		.word	cubemx_transport_open
 239 00f4 00000000 		.word	huart3
 240 00f8 00000000 		.word	microros_allocate
 241 00fc 00000000 		.word	microros_deallocate
 242 0100 00000000 		.word	microros_reallocate
 243 0104 00000000 		.word	microros_zero_allocate
 244 0108 28000000 		.word	.LC1
 245 010c 2C000000 		.word	.LC2
 246 0110 38000000 		.word	.LC3
 247 0114 4C000000 		.word	.LC4
 248 0118 00000000 		.word	.LC0
 249 011c 7C000000 		.word	.LC6
 250 0120 60000000 		.word	.LC5
ARM GAS  /tmp/cccHIfbX.s 			page 10


 251              		.cfi_endproc
 252              	.LFE144:
 254              		.section	.text.__io_putchar,"ax",%progbits
 255              		.align	1
 256              		.global	__io_putchar
 257              		.syntax unified
 258              		.thumb
 259              		.thumb_func
 261              	__io_putchar:
 262              	.LVL23:
 263              	.LFB142:
  88:Core/Src/freertos.c ****   HAL_UART_Transmit(&huart3, (uint8_t *)&ch, 1, HAL_MAX_DELAY);
 264              		.loc 1 88 1 is_stmt 1 view -0
 265              		.cfi_startproc
 266              		@ args = 0, pretend = 0, frame = 8
 267              		@ frame_needed = 0, uses_anonymous_args = 0
  88:Core/Src/freertos.c ****   HAL_UART_Transmit(&huart3, (uint8_t *)&ch, 1, HAL_MAX_DELAY);
 268              		.loc 1 88 1 is_stmt 0 view .LVU53
 269 0000 00B5     		push	{lr}
 270              	.LCFI2:
 271              		.cfi_def_cfa_offset 4
 272              		.cfi_offset 14, -4
 273 0002 83B0     		sub	sp, sp, #12
 274              	.LCFI3:
 275              		.cfi_def_cfa_offset 16
 276 0004 0190     		str	r0, [sp, #4]
  89:Core/Src/freertos.c ****   return ch;
 277              		.loc 1 89 3 is_stmt 1 view .LVU54
 278 0006 4FF0FF33 		mov	r3, #-1
 279 000a 0122     		movs	r2, #1
 280 000c 01A9     		add	r1, sp, #4
 281 000e 0348     		ldr	r0, .L12
 282              	.LVL24:
  89:Core/Src/freertos.c ****   return ch;
 283              		.loc 1 89 3 is_stmt 0 view .LVU55
 284 0010 FFF7FEFF 		bl	HAL_UART_Transmit
 285              	.LVL25:
  90:Core/Src/freertos.c **** }
 286              		.loc 1 90 3 is_stmt 1 view .LVU56
  91:Core/Src/freertos.c **** 
 287              		.loc 1 91 1 is_stmt 0 view .LVU57
 288 0014 0198     		ldr	r0, [sp, #4]
 289 0016 03B0     		add	sp, sp, #12
 290              	.LCFI4:
 291              		.cfi_def_cfa_offset 4
 292              		@ sp needed
 293 0018 5DF804FB 		ldr	pc, [sp], #4
 294              	.L13:
 295              		.align	2
 296              	.L12:
 297 001c 00000000 		.word	huart3
 298              		.cfi_endproc
 299              	.LFE142:
 301              		.section	.text.MX_FREERTOS_Init,"ax",%progbits
 302              		.align	1
 303              		.global	MX_FREERTOS_Init
 304              		.syntax unified
ARM GAS  /tmp/cccHIfbX.s 			page 11


 305              		.thumb
 306              		.thumb_func
 308              	MX_FREERTOS_Init:
 309              	.LFB143:
 104:Core/Src/freertos.c ****   /* USER CODE BEGIN Init */
 310              		.loc 1 104 29 is_stmt 1 view -0
 311              		.cfi_startproc
 312              		@ args = 0, pretend = 0, frame = 0
 313              		@ frame_needed = 0, uses_anonymous_args = 0
 314 0000 08B5     		push	{r3, lr}
 315              	.LCFI5:
 316              		.cfi_def_cfa_offset 8
 317              		.cfi_offset 3, -8
 318              		.cfi_offset 14, -4
 127:Core/Src/freertos.c **** 
 319              		.loc 1 127 2 view .LVU59
 127:Core/Src/freertos.c **** 
 320              		.loc 1 127 34 is_stmt 0 view .LVU60
 321 0002 044A     		ldr	r2, .L16
 322 0004 0021     		movs	r1, #0
 323 0006 0448     		ldr	r0, .L16+4
 324 0008 FFF7FEFF 		bl	osThreadNew
 325              	.LVL26:
 127:Core/Src/freertos.c **** 
 326              		.loc 1 127 32 view .LVU61
 327 000c 034B     		ldr	r3, .L16+8
 328 000e 1860     		str	r0, [r3]
 137:Core/Src/freertos.c **** 
 329              		.loc 1 137 1 view .LVU62
 330 0010 08BD     		pop	{r3, pc}
 331              	.L17:
 332 0012 00BF     		.align	2
 333              	.L16:
 334 0014 00000000 		.word	publisherandsubscriber_attributes
 335 0018 00000000 		.word	publisherandsubscriber
 336 001c 00000000 		.word	DefaultPublisherandSubscriber
 337              		.cfi_endproc
 338              	.LFE143:
 340              		.section	.rodata.subscriber.str1.4,"aMS",%progbits,1
 341              		.align	2
 342              	.LC7:
 343 0000 4572726F 		.ascii	"Error subscribing (line %d)\012\000"
 343      72207375 
 343      62736372 
 343      6962696E 
 343      6720286C 
 344              		.section	.text.subscriber,"ax",%progbits
 345              		.align	1
 346              		.global	subscriber
 347              		.syntax unified
 348              		.thumb
 349              		.thumb_func
 351              	subscriber:
 352              	.LVL27:
 353              	.LFB145:
 228:Core/Src/freertos.c **** 	}
 229:Core/Src/freertos.c ****   /* USER CODE END publisher */
ARM GAS  /tmp/cccHIfbX.s 			page 12


 230:Core/Src/freertos.c **** }
 231:Core/Src/freertos.c **** 
 232:Core/Src/freertos.c **** /* USER CODE BEGIN Header_subscriber */
 233:Core/Src/freertos.c **** /**
 234:Core/Src/freertos.c ****   * @brief  Function implementing the defaultTask thread.
 235:Core/Src/freertos.c ****   * @param  argument: Not used
 236:Core/Src/freertos.c ****   * @retval None
 237:Core/Src/freertos.c ****   */
 238:Core/Src/freertos.c **** /* USER CODE END Header_subscriber */
 239:Core/Src/freertos.c **** void subscriber(void *argument)
 240:Core/Src/freertos.c **** {
 354              		.loc 1 240 1 is_stmt 1 view -0
 355              		.cfi_startproc
 356              		@ args = 0, pretend = 0, frame = 200
 357              		@ frame_needed = 0, uses_anonymous_args = 0
 358              		.loc 1 240 1 is_stmt 0 view .LVU64
 359 0000 00B5     		push	{lr}
 360              	.LCFI6:
 361              		.cfi_def_cfa_offset 4
 362              		.cfi_offset 14, -4
 363 0002 B5B0     		sub	sp, sp, #212
 364              	.LCFI7:
 365              		.cfi_def_cfa_offset 216
 241:Core/Src/freertos.c ****   /* USER CODE BEGIN subscriber */
 242:Core/Src/freertos.c ****   /* USER CODE BEGIN 5 */
 243:Core/Src/freertos.c **** 
 244:Core/Src/freertos.c ****   // micro-ROS configuration
 245:Core/Src/freertos.c **** 
 246:Core/Src/freertos.c **** 	rmw_uros_set_custom_transport(
 366              		.loc 1 246 2 is_stmt 1 view .LVU65
 367 0004 2A4B     		ldr	r3, .L25
 368 0006 0193     		str	r3, [sp, #4]
 369 0008 2A4B     		ldr	r3, .L25+4
 370 000a 0093     		str	r3, [sp]
 371 000c 2A4B     		ldr	r3, .L25+8
 372 000e 2B4A     		ldr	r2, .L25+12
 373 0010 2B49     		ldr	r1, .L25+16
 374 0012 0120     		movs	r0, #1
 375              	.LVL28:
 376              		.loc 1 246 2 is_stmt 0 view .LVU66
 377 0014 FFF7FEFF 		bl	rmw_uros_set_custom_transport
 378              	.LVL29:
 247:Core/Src/freertos.c **** 		true,
 248:Core/Src/freertos.c **** 		(void *) &huart3,         //change in you want a different type of comunication for ros2-agent
 249:Core/Src/freertos.c **** 		cubemx_transport_open,
 250:Core/Src/freertos.c **** 		cubemx_transport_close,
 251:Core/Src/freertos.c **** 		cubemx_transport_write,
 252:Core/Src/freertos.c **** 		cubemx_transport_read);
 253:Core/Src/freertos.c **** 
 254:Core/Src/freertos.c **** 	rcl_allocator_t freeRTOS_allocator = rcutils_get_zero_initialized_allocator();
 379              		.loc 1 254 2 is_stmt 1 view .LVU67
 380              		.loc 1 254 39 is_stmt 0 view .LVU68
 381 0018 2FA8     		add	r0, sp, #188
 382 001a FFF7FEFF 		bl	rcutils_get_zero_initialized_allocator
 383              	.LVL30:
 255:Core/Src/freertos.c **** 	freeRTOS_allocator.allocate = microros_allocate;
 384              		.loc 1 255 2 is_stmt 1 view .LVU69
ARM GAS  /tmp/cccHIfbX.s 			page 13


 385              		.loc 1 255 30 is_stmt 0 view .LVU70
 386 001e 294B     		ldr	r3, .L25+20
 387 0020 2F93     		str	r3, [sp, #188]
 256:Core/Src/freertos.c **** 	freeRTOS_allocator.deallocate = microros_deallocate;
 388              		.loc 1 256 2 is_stmt 1 view .LVU71
 389              		.loc 1 256 32 is_stmt 0 view .LVU72
 390 0022 294B     		ldr	r3, .L25+24
 391 0024 3093     		str	r3, [sp, #192]
 257:Core/Src/freertos.c **** 	freeRTOS_allocator.reallocate = microros_reallocate;
 392              		.loc 1 257 2 is_stmt 1 view .LVU73
 393              		.loc 1 257 32 is_stmt 0 view .LVU74
 394 0026 294B     		ldr	r3, .L25+28
 395 0028 3193     		str	r3, [sp, #196]
 258:Core/Src/freertos.c **** 	freeRTOS_allocator.zero_allocate =  microros_zero_allocate;
 396              		.loc 1 258 2 is_stmt 1 view .LVU75
 397              		.loc 1 258 35 is_stmt 0 view .LVU76
 398 002a 294B     		ldr	r3, .L25+32
 399 002c 3293     		str	r3, [sp, #200]
 259:Core/Src/freertos.c **** 
 260:Core/Src/freertos.c **** 	if (!rcutils_set_default_allocator(&freeRTOS_allocator))
 400              		.loc 1 260 2 is_stmt 1 view .LVU77
 401              		.loc 1 260 7 is_stmt 0 view .LVU78
 402 002e 2FA8     		add	r0, sp, #188
 403 0030 FFF7FEFF 		bl	rcutils_set_default_allocator
 404              	.LVL31:
 405              		.loc 1 260 5 view .LVU79
 406 0034 28B3     		cbz	r0, .L23
 407              	.L19:
 261:Core/Src/freertos.c **** 	{
 262:Core/Src/freertos.c **** 	  printf("Error on default allocators (line %d)\n", __LINE__);
 263:Core/Src/freertos.c **** 	}
 264:Core/Src/freertos.c **** 
 265:Core/Src/freertos.c **** 	// micro-ROS app
 266:Core/Src/freertos.c **** 
 267:Core/Src/freertos.c **** 	rcl_subscription_t subscriber;
 408              		.loc 1 267 2 is_stmt 1 view .LVU80
 268:Core/Src/freertos.c **** 	std_msgs__msg__Int32 msg;
 409              		.loc 1 268 2 view .LVU81
 269:Core/Src/freertos.c **** 	rclc_support_t support;
 410              		.loc 1 269 2 view .LVU82
 270:Core/Src/freertos.c **** 	rcl_allocator_t allocator;
 411              		.loc 1 270 2 view .LVU83
 271:Core/Src/freertos.c **** 	rcl_node_t node;
 412              		.loc 1 271 2 view .LVU84
 272:Core/Src/freertos.c **** 	rmw_message_info_t messageInfo;
 413              		.loc 1 272 2 view .LVU85
 273:Core/Src/freertos.c **** 
 274:Core/Src/freertos.c **** 	allocator = rcl_get_default_allocator();
 414              		.loc 1 274 2 view .LVU86
 415              		.loc 1 274 14 is_stmt 0 view .LVU87
 416 0036 02A8     		add	r0, sp, #8
 417 0038 FFF7FEFF 		bl	rcutils_get_default_allocator
 418              	.LVL32:
 419 003c 0DF16C0E 		add	lr, sp, #108
 420 0040 0DF1080C 		add	ip, sp, #8
 421 0044 BCE80F00 		ldmia	ip!, {r0, r1, r2, r3}
 422 0048 AEE80F00 		stmia	lr!, {r0, r1, r2, r3}
ARM GAS  /tmp/cccHIfbX.s 			page 14


 423 004c DCF80030 		ldr	r3, [ip]
 424 0050 CEF80030 		str	r3, [lr]
 275:Core/Src/freertos.c **** 
 276:Core/Src/freertos.c **** 	//create init_options
 277:Core/Src/freertos.c **** 	rclc_support_init(&support, 0, NULL, &allocator);
 425              		.loc 1 277 2 is_stmt 1 view .LVU88
 426 0054 1BAB     		add	r3, sp, #108
 427 0056 0022     		movs	r2, #0
 428 0058 1146     		mov	r1, r2
 429 005a 20A8     		add	r0, sp, #128
 430 005c FFF7FEFF 		bl	rclc_support_init
 431              	.LVL33:
 278:Core/Src/freertos.c **** 
 279:Core/Src/freertos.c **** 	// create node
 280:Core/Src/freertos.c **** 	rclc_node_init_default(&node, "cubemx_node", "", &support);
 432              		.loc 1 280 2 view .LVU89
 433 0060 20AB     		add	r3, sp, #128
 434 0062 1C4A     		ldr	r2, .L25+36
 435 0064 1C49     		ldr	r1, .L25+40
 436 0066 19A8     		add	r0, sp, #100
 437 0068 FFF7FEFF 		bl	rclc_node_init_default
 438              	.LVL34:
 281:Core/Src/freertos.c **** 
 282:Core/Src/freertos.c **** 	// create publisher
 283:Core/Src/freertos.c **** 	rclc_subscription_init_default(
 439              		.loc 1 283 2 view .LVU90
 440 006c FFF7FEFF 		bl	rosidl_typesupport_c__get_message_type_support_handle__std_msgs__msg__Int32
 441              	.LVL35:
 442 0070 0246     		mov	r2, r0
 443 0072 1A4B     		ldr	r3, .L25+44
 444 0074 19A9     		add	r1, sp, #100
 445 0076 2EA8     		add	r0, sp, #184
 446 0078 FFF7FEFF 		bl	rclc_subscription_init_default
 447              	.LVL36:
 284:Core/Src/freertos.c **** 	  &subscriber,
 285:Core/Src/freertos.c **** 	  &node,
 286:Core/Src/freertos.c **** 	  ROSIDL_GET_MSG_TYPE_SUPPORT(std_msgs, msg, Int32),
 287:Core/Src/freertos.c **** 	  "cubemx_subcriber");
 288:Core/Src/freertos.c **** 
 289:Core/Src/freertos.c **** 	//rclc_subscriber_init_default
 290:Core/Src/freertos.c **** 	msg.data = 0;
 448              		.loc 1 290 2 view .LVU91
 449              		.loc 1 290 11 is_stmt 0 view .LVU92
 450 007c 0023     		movs	r3, #0
 451 007e 2D93     		str	r3, [sp, #180]
 452 0080 0DE0     		b	.L21
 453              	.L23:
 262:Core/Src/freertos.c **** 	}
 454              		.loc 1 262 4 is_stmt 1 view .LVU93
 455 0082 4FF48371 		mov	r1, #262
 456 0086 1648     		ldr	r0, .L25+48
 457 0088 FFF7FEFF 		bl	printf
 458              	.LVL37:
 459 008c D3E7     		b	.L19
 460              	.LVL38:
 461              	.L24:
 462              	.LBB2:
ARM GAS  /tmp/cccHIfbX.s 			page 15


 291:Core/Src/freertos.c **** 
 292:Core/Src/freertos.c **** 	for(;;)
 293:Core/Src/freertos.c **** 	{
 294:Core/Src/freertos.c **** 		rcl_ret_t ret = rcl_take(&subscriber, &msg, &messageInfo, NULL);
 295:Core/Src/freertos.c **** 		if (ret != RCL_RET_OK)
 296:Core/Src/freertos.c **** 		{
 297:Core/Src/freertos.c **** 		printf("Error subscribing (line %d)\n", __LINE__);
 463              		.loc 1 297 3 view .LVU94
 464 008e 40F22911 		movw	r1, #297
 465 0092 1448     		ldr	r0, .L25+52
 466              	.LVL39:
 467              		.loc 1 297 3 is_stmt 0 view .LVU95
 468 0094 FFF7FEFF 		bl	printf
 469              	.LVL40:
 470              	.L20:
 298:Core/Src/freertos.c **** 		}
 299:Core/Src/freertos.c **** 
 300:Core/Src/freertos.c **** 		osDelay(10);
 471              		.loc 1 300 3 is_stmt 1 view .LVU96
 472 0098 0A20     		movs	r0, #10
 473 009a FFF7FEFF 		bl	osDelay
 474              	.LVL41:
 475              	.LBE2:
 292:Core/Src/freertos.c **** 	{
 476              		.loc 1 292 2 view .LVU97
 477              	.L21:
 292:Core/Src/freertos.c **** 	{
 478              		.loc 1 292 2 view .LVU98
 479              	.LBB3:
 294:Core/Src/freertos.c **** 		if (ret != RCL_RET_OK)
 480              		.loc 1 294 3 view .LVU99
 294:Core/Src/freertos.c **** 		if (ret != RCL_RET_OK)
 481              		.loc 1 294 19 is_stmt 0 view .LVU100
 482 009e 0023     		movs	r3, #0
 483 00a0 08AA     		add	r2, sp, #32
 484 00a2 2DA9     		add	r1, sp, #180
 485 00a4 2EA8     		add	r0, sp, #184
 486 00a6 FFF7FEFF 		bl	rcl_take
 487              	.LVL42:
 295:Core/Src/freertos.c **** 		{
 488              		.loc 1 295 3 is_stmt 1 view .LVU101
 295:Core/Src/freertos.c **** 		{
 489              		.loc 1 295 6 is_stmt 0 view .LVU102
 490 00aa 0028     		cmp	r0, #0
 491 00ac EFD1     		bne	.L24
 492 00ae F3E7     		b	.L20
 493              	.L26:
 494              		.align	2
 495              	.L25:
 496 00b0 00000000 		.word	cubemx_transport_read
 497 00b4 00000000 		.word	cubemx_transport_write
 498 00b8 00000000 		.word	cubemx_transport_close
 499 00bc 00000000 		.word	cubemx_transport_open
 500 00c0 00000000 		.word	huart3
 501 00c4 00000000 		.word	microros_allocate
 502 00c8 00000000 		.word	microros_deallocate
 503 00cc 00000000 		.word	microros_reallocate
ARM GAS  /tmp/cccHIfbX.s 			page 16


 504 00d0 00000000 		.word	microros_zero_allocate
 505 00d4 28000000 		.word	.LC1
 506 00d8 2C000000 		.word	.LC2
 507 00dc 4C000000 		.word	.LC4
 508 00e0 00000000 		.word	.LC0
 509 00e4 00000000 		.word	.LC7
 510              	.LBE3:
 511              		.cfi_endproc
 512              	.LFE145:
 514              		.global	publisherandsubscriber_attributes
 515              		.section	.rodata.str1.4,"aMS",%progbits,1
 516              		.align	2
 517              	.LC8:
 518 0000 7075626C 		.ascii	"publisherandsubscriber\000"
 518      69736865 
 518      72616E64 
 518      73756273 
 518      63726962 
 519              		.section	.rodata.publisherandsubscriber_attributes,"a"
 520              		.align	2
 523              	publisherandsubscriber_attributes:
 524 0000 00000000 		.word	.LC8
 525 0004 00000000 		.space	16
 525      00000000 
 525      00000000 
 525      00000000 
 526 0014 E02E0000 		.word	12000
 527 0018 18000000 		.word	24
 528 001c 00000000 		.space	8
 528      00000000 
 529              		.global	DefaultPublisherandSubscriber
 530              		.section	.bss.DefaultPublisherandSubscriber,"aw",%nobits
 531              		.align	2
 534              	DefaultPublisherandSubscriber:
 535 0000 00000000 		.space	4
 536              		.text
 537              	.Letext0:
 538              		.file 2 "/opt/st/stm32cubeide_1.16.0/plugins/com.st.stm32cube.ide.mcu.externaltools.gnu-tools-for-
 539              		.file 3 "/opt/st/stm32cubeide_1.16.0/plugins/com.st.stm32cube.ide.mcu.externaltools.gnu-tools-for-
 540              		.file 4 "/opt/st/stm32cubeide_1.16.0/plugins/com.st.stm32cube.ide.mcu.externaltools.gnu-tools-for-
 541              		.file 5 "Drivers/CMSIS/Device/ST/STM32F4xx/Include/stm32f429xx.h"
 542              		.file 6 "Drivers/STM32F4xx_HAL_Driver/Inc/stm32f4xx_hal_def.h"
 543              		.file 7 "Drivers/STM32F4xx_HAL_Driver/Inc/stm32f4xx_hal_dma.h"
 544              		.file 8 "Drivers/STM32F4xx_HAL_Driver/Inc/stm32f4xx_hal_uart.h"
 545              		.file 9 "Middlewares/Third_Party/FreeRTOS/Source/CMSIS_RTOS_V2/cmsis_os2.h"
 546              		.file 10 "../../micro_ros_stm32cubemx_utils/microros_static_library/libmicroros/microros_include/r
 547              		.file 11 "../../micro_ros_stm32cubemx_utils/microros_static_library/libmicroros/microros_include/r
 548              		.file 12 "../../micro_ros_stm32cubemx_utils/microros_static_library/libmicroros/microros_include/r
 549              		.file 13 "../../micro_ros_stm32cubemx_utils/microros_static_library/libmicroros/microros_include/r
 550              		.file 14 "../../micro_ros_stm32cubemx_utils/microros_static_library/libmicroros/microros_include/r
 551              		.file 15 "../../micro_ros_stm32cubemx_utils/microros_static_library/libmicroros/microros_include/r
 552              		.file 16 "../../micro_ros_stm32cubemx_utils/microros_static_library/libmicroros/microros_include/r
 553              		.file 17 "../../micro_ros_stm32cubemx_utils/microros_static_library/libmicroros/microros_include/r
 554              		.file 18 "../../micro_ros_stm32cubemx_utils/microros_static_library/libmicroros/microros_include/r
 555              		.file 19 "../../micro_ros_stm32cubemx_utils/microros_static_library/libmicroros/microros_include/r
 556              		.file 20 "../../micro_ros_stm32cubemx_utils/microros_static_library/libmicroros/microros_include/r
 557              		.file 21 "../../micro_ros_stm32cubemx_utils/microros_static_library/libmicroros/microros_include/r
ARM GAS  /tmp/cccHIfbX.s 			page 17


 558              		.file 22 "../../micro_ros_stm32cubemx_utils/microros_static_library/libmicroros/microros_include/r
 559              		.file 23 "../../micro_ros_stm32cubemx_utils/microros_static_library/libmicroros/microros_include/r
 560              		.file 24 "../../micro_ros_stm32cubemx_utils/microros_static_library/libmicroros/microros_include/r
 561              		.file 25 "../../micro_ros_stm32cubemx_utils/microros_static_library/libmicroros/microros_include/r
 562              		.file 26 "../../micro_ros_stm32cubemx_utils/microros_static_library/libmicroros/microros_include/u
 563              		.file 27 "../../micro_ros_stm32cubemx_utils/microros_static_library/libmicroros/microros_include/u
 564              		.file 28 "../../micro_ros_stm32cubemx_utils/microros_static_library/libmicroros/microros_include/u
 565              		.file 29 "../../micro_ros_stm32cubemx_utils/microros_static_library/libmicroros/microros_include/s
 566              		.file 30 "Core/Inc/usart.h"
 567              		.file 31 "../../micro_ros_stm32cubemx_utils/microros_static_library/libmicroros/microros_include/r
 568              		.file 32 "../../micro_ros_stm32cubemx_utils/microros_static_library/libmicroros/microros_include/r
 569              		.file 33 "../../micro_ros_stm32cubemx_utils/microros_static_library/libmicroros/microros_include/r
 570              		.file 34 "../../micro_ros_stm32cubemx_utils/microros_static_library/libmicroros/microros_include/r
 571              		.file 35 "/opt/st/stm32cubeide_1.16.0/plugins/com.st.stm32cube.ide.mcu.externaltools.gnu-tools-for
 572              		.file 36 "../../micro_ros_stm32cubemx_utils/microros_static_library/libmicroros/microros_include/s
 573              		.file 37 "../../micro_ros_stm32cubemx_utils/microros_static_library/libmicroros/microros_include/r
ARM GAS  /tmp/cccHIfbX.s 			page 18


DEFINED SYMBOLS
                            *ABS*:00000000 freertos.c
     /tmp/cccHIfbX.s:21     .rodata.publisherandsubscriber.str1.4:00000000 $d
     /tmp/cccHIfbX.s:43     .text.publisherandsubscriber:00000000 $t
     /tmp/cccHIfbX.s:49     .text.publisherandsubscriber:00000000 publisherandsubscriber
     /tmp/cccHIfbX.s:235    .text.publisherandsubscriber:000000e4 $d
     /tmp/cccHIfbX.s:255    .text.__io_putchar:00000000 $t
     /tmp/cccHIfbX.s:261    .text.__io_putchar:00000000 __io_putchar
     /tmp/cccHIfbX.s:297    .text.__io_putchar:0000001c $d
     /tmp/cccHIfbX.s:302    .text.MX_FREERTOS_Init:00000000 $t
     /tmp/cccHIfbX.s:308    .text.MX_FREERTOS_Init:00000000 MX_FREERTOS_Init
     /tmp/cccHIfbX.s:334    .text.MX_FREERTOS_Init:00000014 $d
     /tmp/cccHIfbX.s:523    .rodata.publisherandsubscriber_attributes:00000000 publisherandsubscriber_attributes
     /tmp/cccHIfbX.s:534    .bss.DefaultPublisherandSubscriber:00000000 DefaultPublisherandSubscriber
     /tmp/cccHIfbX.s:341    .rodata.subscriber.str1.4:00000000 $d
     /tmp/cccHIfbX.s:345    .text.subscriber:00000000 $t
     /tmp/cccHIfbX.s:351    .text.subscriber:00000000 subscriber
     /tmp/cccHIfbX.s:496    .text.subscriber:000000b0 $d
     /tmp/cccHIfbX.s:516    .rodata.str1.4:00000000 $d
     /tmp/cccHIfbX.s:520    .rodata.publisherandsubscriber_attributes:00000000 $d
     /tmp/cccHIfbX.s:531    .bss.DefaultPublisherandSubscriber:00000000 $d

UNDEFINED SYMBOLS
rmw_uros_set_custom_transport
rcutils_get_zero_initialized_allocator
rcutils_set_default_allocator
rcutils_get_default_allocator
rclc_support_init
rclc_node_init_default
rosidl_typesupport_c__get_message_type_support_handle__std_msgs__msg__Int32
rclc_publisher_init_default
rclc_subscription_init_default
printf
osDelay
rcl_take
rcl_publish
cubemx_transport_read
cubemx_transport_write
cubemx_transport_close
cubemx_transport_open
huart3
microros_allocate
microros_deallocate
microros_reallocate
microros_zero_allocate
HAL_UART_Transmit
osThreadNew
